<?xml version="1.0" encoding="UTF-8"?>
<!-- Generated by org.testng.reporters.JUnitXMLReporter -->
<testsuite ignored="2" hostname="LAPTOP-S4APPMN9" failures="0" tests="3" name="Test" time="18.523" errors="0" timestamp="2023-01-13T19:07:27 IST">
  <testcase classname="TestCases.InventoryPageTest" name="addProductTest" time="0.119"/>
  <testcase classname="TestCases.InventoryPageTest" name="verifyNameListTest" time="3.12"/>
  <testcase classname="TestCases.LoginPageTest" name="loginPageFunctionalityTest" time="2.351"/>
  <testcase classname="TestCases.InventoryPageTest" name="verifylinkdinLogoBtnTest" time="0.0">
    <ignored/>
  </testcase> <!-- verifylinkdinLogoBtnTest -->
  <testcase classname="TestCases.LoginPageTest" name="verifyTitalTest" time="0.0">
    <ignored/>
  </testcase> <!-- verifyTitalTest -->
</testsuite> <!-- Test -->
